commit 7922c0be9ed4f487a2395eba35d59347b37cf595
Author: Darrin Hui <dkfhui@cs.utexas.edu>
Date:   Wed Feb 1 23:11:06 2017 -0600

    Added one test case

commit 4b55f6e54d977abd946ce5f37e56255c3d71b0d7
Author: Darrin Hui <dkfhui@cs.utexas.edu>
Date:   Wed Feb 1 23:04:42 2017 -0600

    Fixed given tests and confirmed failures closes #5

commit a74dd5a96b12c740dac9b0bb4d4f3b65e6c5599e
Author: Darrin Hui <dkfhui@cs.utexas.edu>
Date:   Wed Feb 1 22:51:10 2017 -0600

    fixed indentation?

commit 0fc25f349cfec9eb2e009b23f6a1b7ff89376da4
Author: Darrin Hui <dkfhui@cs.utexas.edu>
Date:   Wed Feb 1 22:18:44 2017 -0600

    Reverted .travis.yml

commit f798363c3daa66b9759847c479f9337c98b4d9d3
Author: Darrin Hui <dkfhui@cs.utexas.edu>
Date:   Wed Feb 1 22:04:43 2017 -0600

    Tried to fix .travis.yml

commit 9a074e690981c914b80fab603ebf65f7bd6a80dc
Author: Darrin Hui <dkfhui@cs.utexas.edu>
Date:   Wed Feb 1 22:00:19 2017 -0600

    Added .travis.yml file

commit 0088d04ced9455c0ef357e17f49c547da11400d8
Author: dkfhui <dkfhui@gmail.com>
Date:   Wed Feb 1 21:59:15 2017 -0600

    Create .travis.yml

commit 5d6ddf5554ee10a942b3d4d87cf392afdfe2dd61
Author: Darrin Hui <dkfhui@cs.utexas.edu>
Date:   Wed Feb 1 21:41:15 2017 -0600

    Maked the makefile

commit b7eaf85e6d6ac866ec58d3b9cbd4f4a1eaa79e21
Author: dkfhui <dkfhui@gmail.com>
Date:   Wed Feb 1 21:38:57 2017 -0600

    Create .gitignore

commit 71cceba362c32bbc191164c0c3471a4f498c4e73
Author: Darrin Hui <dkfhui@cs.utexas.edu>
Date:   Wed Feb 1 21:03:25 2017 -0600

    Added public files

commit 51767a0c5d59318b39e24e2d29892026505f9aa4
Author: Darrin Hui <dkfhui@cs.utexas.edu>
Date:   Wed Feb 1 20:42:55 2017 -0600

    first commit
